gyp info it worked if it ends with ok
gyp info using node-gyp@10.1.0
gyp info using node@20.16.0 | darwin | arm64
gyp info find Python using Python version 3.12.3 found at "/Library/Frameworks/Python.framework/Versions/3.12/bin/python3"
gyp info spawn /Library/Frameworks/Python.framework/Versions/3.12/bin/python3
gyp info spawn args [
gyp info spawn args '/usr/local/lib/node_modules/npm/node_modules/node-gyp/gyp/gyp_main.py',
gyp info spawn args 'binding.gyp',
gyp info spawn args '-f',
gyp info spawn args 'make',
gyp info spawn args '-I',
gyp info spawn args '/Users/sarthakpradhan/Projects/MERN-project/famazon/node_modules/bson/build/config.gypi',
gyp info spawn args '-I',
gyp info spawn args '/usr/local/lib/node_modules/npm/node_modules/node-gyp/addon.gypi',
gyp info spawn args '-I',
gyp info spawn args '/Users/sarthakpradhan/Library/Caches/node-gyp/20.16.0/include/node/common.gypi',
gyp info spawn args '-Dlibrary=shared_library',
gyp info spawn args '-Dvisibility=default',
gyp info spawn args '-Dnode_root_dir=/Users/sarthakpradhan/Library/Caches/node-gyp/20.16.0',
gyp info spawn args '-Dnode_gyp_dir=/usr/local/lib/node_modules/npm/node_modules/node-gyp',
gyp info spawn args '-Dnode_lib_file=/Users/sarthakpradhan/Library/Caches/node-gyp/20.16.0/<(target_arch)/node.lib',
gyp info spawn args '-Dmodule_root_dir=/Users/sarthakpradhan/Projects/MERN-project/famazon/node_modules/bson',
gyp info spawn args '-Dnode_engine=v8',
gyp info spawn args '--depth=.',
gyp info spawn args '--no-parallel',
gyp info spawn args '--generator-output',
gyp info spawn args 'build',
gyp info spawn args '-Goutput_dir=.'
gyp info spawn args ]
gyp info spawn make
gyp info spawn args [ 'BUILDTYPE=Release', '-C', 'build' ]
In file included from ../ext/bson.cc:36:
In file included from ../ext/bson.h:17:
In file included from ../../nan/nan.h:82:
../../nan/nan_new.h:29:66: error: too few arguments to function call, single argument 'context' was not specified
To<v8::Integer>(v8::Handle<v8::Integer> i) { return i->ToInteger(); }
                                                    ~~~~~~~~~~~~ ^
/Users/sarthakpradhan/Library/Caches/node-gyp/20.16.0/include/node/v8-value.h:389:45: note: 'ToInteger' declared here
  V8_WARN_UNUSED_RESULT MaybeLocal<Integer> ToInteger(
                                            ^
In file included from ../ext/bson.cc:36:
In file included from ../ext/bson.h:17:
In file included from ../../nan/nan.h:82:
../../nan/nan_new.h:29:53: error: no viable conversion from returned value of type 'MaybeLocal<Integer>' to function return type 'v8::Local<v8::Integer>'
To<v8::Integer>(v8::Handle<v8::Integer> i) { return i->ToInteger(); }
                                                    ^~~~~~~~~~~~~~
/Users/sarthakpradhan/Library/Caches/node-gyp/20.16.0/include/node/v8-local-handle.h:190:7: note: candidate constructor (the implicit copy constructor) not viable: no known conversion from 'MaybeLocal<Integer>' to 'const v8::Local<v8::Integer> &' for 1st argument
class Local {
      ^
/Users/sarthakpradhan/Library/Caches/node-gyp/20.16.0/include/node/v8-local-handle.h:190:7: note: candidate constructor (the implicit move constructor) not viable: no known conversion from 'MaybeLocal<Integer>' to 'v8::Local<v8::Integer> &&' for 1st argument
/Users/sarthakpradhan/Library/Caches/node-gyp/20.16.0/include/node/v8-local-handle.h:195:13: note: candidate template ignored: could not match 'Local' against 'MaybeLocal'
  V8_INLINE Local(Local<S> that) : val_(reinterpret_cast<T*>(*that)) {
            ^
/Users/sarthakpradhan/Library/Caches/node-gyp/20.16.0/include/node/v8-local-handle.h:331:22: note: explicit constructor is not a candidate
  explicit V8_INLINE Local(T* that) : val_(that) {}
                     ^
In file included from ../ext/bson.cc:36:
In file included from ../ext/bson.h:17:
In file included from ../../nan/nan.h:82:
../../nan/nan_new.h:34:64: error: too few arguments to function call, single argument 'context' was not specified
To<v8::Int32>(v8::Handle<v8::Integer> i)   { return i->ToInt32(); }
                                                    ~~~~~~~~~~ ^
/Users/sarthakpradhan/Library/Caches/node-gyp/20.16.0/include/node/v8-value.h:403:43: note: 'ToInt32' declared here
  V8_WARN_UNUSED_RESULT MaybeLocal<Int32> ToInt32(Local<Context> context) const;
                                          ^
In file included from ../ext/bson.cc:36:
In file included from ../ext/bson.h:17:
In file included from ../../nan/nan.h:82:
../../nan/nan_new.h:34:53: error: no viable conversion from returned value of type 'MaybeLocal<Int32>' to function return type 'v8::Local<v8::Int32>'
To<v8::Int32>(v8::Handle<v8::Integer> i)   { return i->ToInt32(); }
                                                    ^~~~~~~~~~~~
/Users/sarthakpradhan/Library/Caches/node-gyp/20.16.0/include/node/v8-local-handle.h:190:7: note: candidate constructor (the implicit copy constructor) not viable: no known conversion from 'MaybeLocal<Int32>' to 'const v8::Local<v8::Int32> &' for 1st argument
class Local {
      ^
/Users/sarthakpradhan/Library/Caches/node-gyp/20.16.0/include/node/v8-local-handle.h:190:7: note: candidate constructor (the implicit move constructor) not viable: no known conversion from 'MaybeLocal<Int32>' to 'v8::Local<v8::Int32> &&' for 1st argument
/Users/sarthakpradhan/Library/Caches/node-gyp/20.16.0/include/node/v8-local-handle.h:195:13: note: candidate template ignored: could not match 'Local' against 'MaybeLocal'
  V8_INLINE Local(Local<S> that) : val_(reinterpret_cast<T*>(*that)) {
            ^
/Users/sarthakpradhan/Library/Caches/node-gyp/20.16.0/include/node/v8-local-handle.h:331:22: note: explicit constructor is not a candidate
  explicit V8_INLINE Local(T* that) : val_(that) {}
                     ^
In file included from ../ext/bson.cc:36:
In file included from ../ext/bson.h:17:
In file included from ../../nan/nan.h:82:
../../nan/nan_new.h:39:65: error: too few arguments to function call, single argument 'context' was not specified
To<v8::Uint32>(v8::Handle<v8::Integer> i)  { return i->ToUint32(); }
                                                    ~~~~~~~~~~~ ^
/Users/sarthakpradhan/Library/Caches/node-gyp/20.16.0/include/node/v8-value.h:396:44: note: 'ToUint32' declared here
  V8_WARN_UNUSED_RESULT MaybeLocal<Uint32> ToUint32(
                                           ^
In file included from ../ext/bson.cc:36:
In file included from ../ext/bson.h:17:
In file included from ../../nan/nan.h:82:
../../nan/nan_new.h:39:53: error: no viable conversion from returned value of type 'MaybeLocal<Uint32>' to function return type 'v8::Local<v8::Uint32>'
To<v8::Uint32>(v8::Handle<v8::Integer> i)  { return i->ToUint32(); }
                                                    ^~~~~~~~~~~~~
/Users/sarthakpradhan/Library/Caches/node-gyp/20.16.0/include/node/v8-local-handle.h:190:7: note: candidate constructor (the implicit copy constructor) not viable: no known conversion from 'MaybeLocal<Uint32>' to 'const v8::Local<v8::Uint32> &' for 1st argument
class Local {
      ^
/Users/sarthakpradhan/Library/Caches/node-gyp/20.16.0/include/node/v8-local-handle.h:190:7: note: candidate constructor (the implicit move constructor) not viable: no known conversion from 'MaybeLocal<Uint32>' to 'v8::Local<v8::Uint32> &&' for 1st argument
/Users/sarthakpradhan/Library/Caches/node-gyp/20.16.0/include/node/v8-local-handle.h:195:13: note: candidate template ignored: could not match 'Local' against 'MaybeLocal'
  V8_INLINE Local(Local<S> that) : val_(reinterpret_cast<T*>(*that)) {
            ^
/Users/sarthakpradhan/Library/Caches/node-gyp/20.16.0/include/node/v8-local-handle.h:331:22: note: explicit constructor is not a candidate
  explicit V8_INLINE Local(T* that) : val_(that) {}
                     ^
In file included from ../ext/bson.cc:36:
In file included from ../ext/bson.h:17:
In file included from ../../nan/nan.h:82:
In file included from ../../nan/nan_new.h:189:
../../nan/nan_implementation_12_inl.h:49:38: error: too few arguments to function call, expected 2, have 1
  return v8::BooleanObject::New(value).As<v8::BooleanObject>();
         ~~~~~~~~~~~~~~~~~~~~~~      ^
/Users/sarthakpradhan/Library/Caches/node-gyp/20.16.0/include/node/v8-primitive-object.h:61:23: note: 'New' declared here
  static Local<Value> New(Isolate* isolate, bool value);
                      ^
In file included from ../ext/bson.cc:36:
In file included from ../ext/bson.h:17:
In file included from ../../nan/nan.h:82:
In file included from ../../nan/nan_new.h:189:
../../nan/nan_implementation_12_inl.h:65:24: error: no viable conversion from 'Isolate *' to 'Local<Context>'
  return v8::Date::New(v8::Isolate::GetCurrent(), value).As<v8::Date>();
                       ^~~~~~~~~~~~~~~~~~~~~~~~~
/Users/sarthakpradhan/Library/Caches/node-gyp/20.16.0/include/node/v8-local-handle.h:190:7: note: candidate constructor (the implicit copy constructor) not viable: no known conversion from 'Isolate *' to 'const v8::Local<v8::Context> &' for 1st argument
class Local {
      ^
/Users/sarthakpradhan/Library/Caches/node-gyp/20.16.0/include/node/v8-local-handle.h:190:7: note: candidate constructor (the implicit move constructor) not viable: no known conversion from 'Isolate *' to 'v8::Local<v8::Context> &&' for 1st argument
/Users/sarthakpradhan/Library/Caches/node-gyp/20.16.0/include/node/v8-local-handle.h:195:13: note: candidate template ignored: could not match 'Local<S>' against 'Isolate *'
  V8_INLINE Local(Local<S> that) : val_(reinterpret_cast<T*>(*that)) {
            ^
/Users/sarthakpradhan/Library/Caches/node-gyp/20.16.0/include/node/v8-local-handle.h:331:22: note: explicit constructor is not a candidate
  explicit V8_INLINE Local(T* that) : val_(that) {}
                     ^
/Users/sarthakpradhan/Library/Caches/node-gyp/20.16.0/include/node/v8-date.h:21:69: note: passing argument to parameter 'context' here
  static V8_WARN_UNUSED_RESULT MaybeLocal<Value> New(Local<Context> context,
                                                                    ^
In file included from ../ext/bson.cc:36:
In file included from ../ext/bson.h:17:
In file included from ../../nan/nan.h:82:
In file included from ../../nan/nan_new.h:189:
../../nan/nan_implementation_12_inl.h:80:29: error: no viable conversion from 'Isolate *' to 'Local<Context>'
  return v8::Function::New( v8::Isolate::GetCurrent()
                            ^~~~~~~~~~~~~~~~~~~~~~~~~
/Users/sarthakpradhan/Library/Caches/node-gyp/20.16.0/include/node/v8-local-handle.h:190:7: note: candidate constructor (the implicit copy constructor) not viable: no known conversion from 'Isolate *' to 'const v8::Local<v8::Context> &' for 1st argument
class Local {
      ^
/Users/sarthakpradhan/Library/Caches/node-gyp/20.16.0/include/node/v8-local-handle.h:190:7: note: candidate constructor (the implicit move constructor) not viable: no known conversion from 'Isolate *' to 'v8::Local<v8::Context> &&' for 1st argument
/Users/sarthakpradhan/Library/Caches/node-gyp/20.16.0/include/node/v8-local-handle.h:195:13: note: candidate template ignored: could not match 'Local<S>' against 'Isolate *'
  V8_INLINE Local(Local<S> that) : val_(reinterpret_cast<T*>(*that)) {
            ^
/Users/sarthakpradhan/Library/Caches/node-gyp/20.16.0/include/node/v8-local-handle.h:331:22: note: explicit constructor is not a candidate
  explicit V8_INLINE Local(T* that) : val_(that) {}
                     ^
/Users/sarthakpradhan/Library/Caches/node-gyp/20.16.0/include/node/v8-function.h:33:22: note: passing argument to parameter 'context' here
      Local<Context> context, FunctionCallback callback,
                     ^
In file included from ../ext/bson.cc:36:
In file included from ../ext/bson.h:17:
In file included from ../../nan/nan.h:82:
In file included from ../../nan/nan_new.h:189:
../../nan/nan_implementation_12_inl.h:158:40: error: too few arguments to function call, expected 3, have 2
  return v8::RegExp::New(pattern, flags);
         ~~~~~~~~~~~~~~~               ^
/Users/sarthakpradhan/Library/Caches/node-gyp/20.16.0/include/node/v8-regexp.h:55:51: note: 'New' declared here
  static V8_WARN_UNUSED_RESULT MaybeLocal<RegExp> New(Local<Context> context,
                                                  ^
In file included from ../ext/bson.cc:36:
In file included from ../ext/bson.h:17:
In file included from ../../nan/nan.h:82:
In file included from ../../nan/nan_new.h:189:
../../nan/nan_implementation_12_inl.h:166:10: error: no matching function for call to 'Compile'
  return v8::ScriptCompiler::Compile(v8::Isolate::GetCurrent(), &src);
         ^~~~~~~~~~~~~~~~~~~~~~~~~~~
/Users/sarthakpradhan/Library/Caches/node-gyp/20.16.0/include/node/v8-script.h:633:51: note: candidate function not viable: no known conversion from 'Isolate *' to 'Local<Context>' for 1st argument
  static V8_WARN_UNUSED_RESULT MaybeLocal<Script> Compile(
                                                  ^
/Users/sarthakpradhan/Library/Caches/node-gyp/20.16.0/include/node/v8-script.h:664:51: note: candidate function not viable: requires 4 arguments, but 2 were provided
  static V8_WARN_UNUSED_RESULT MaybeLocal<Script> Compile(
                                                  ^
In file included from ../ext/bson.cc:36:
In file included from ../ext/bson.h:17:
In file included from ../../nan/nan.h:82:
In file included from ../../nan/nan_new.h:189:
../../nan/nan_implementation_12_inl.h:173:10: error: no matching function for call to 'Compile'
  return v8::ScriptCompiler::Compile(v8::Isolate::GetCurrent(), &src);
         ^~~~~~~~~~~~~~~~~~~~~~~~~~~
/Users/sarthakpradhan/Library/Caches/node-gyp/20.16.0/include/node/v8-script.h:633:51: note: candidate function not viable: no known conversion from 'Isolate *' to 'Local<Context>' for 1st argument
  static V8_WARN_UNUSED_RESULT MaybeLocal<Script> Compile(
                                                  ^
/Users/sarthakpradhan/Library/Caches/node-gyp/20.16.0/include/node/v8-script.h:664:51: note: candidate function not viable: requires 4 arguments, but 2 were provided
  static V8_WARN_UNUSED_RESULT MaybeLocal<Script> Compile(
                                                  ^
In file included from ../ext/bson.cc:36:
In file included from ../ext/bson.h:17:
In file included from ../../nan/nan.h:82:
In file included from ../../nan/nan_new.h:189:
../../nan/nan_implementation_12_inl.h:193:19: error: no member named 'kNormalString' in 'v8::String'
      v8::String::kNormalString, length);
      ~~~~~~~~~~~~^
../../nan/nan_implementation_12_inl.h:200:33: error: no member named 'kNormalString' in 'v8::String'
      value.data(), v8::String::kNormalString, static_cast<int>(value.size()));
                    ~~~~~~~~~~~~^
../../nan/nan_implementation_12_inl.h:206:21: error: no member named 'kNormalString' in 'v8::String'
        v8::String::kNormalString, length);
        ~~~~~~~~~~~~^
../../nan/nan_implementation_12_inl.h:212:21: error: no member named 'kNormalString' in 'v8::String'
        v8::String::kNormalString, length);
        ~~~~~~~~~~~~^
../../nan/nan_implementation_12_inl.h:217:22: error: no member named 'NewExternal' in 'v8::String'
  return v8::String::NewExternal(v8::Isolate::GetCurrent(), value);
         ~~~~~~~~~~~~^
../../nan/nan_implementation_12_inl.h:222:22: error: no member named 'NewExternal' in 'v8::String'
  return v8::String::NewExternal(v8::Isolate::GetCurrent(), value);
         ~~~~~~~~~~~~^
../../nan/nan_implementation_12_inl.h:229:37: error: too few arguments to function call, expected 2, have 1
  return v8::StringObject::New(value).As<v8::StringObject>();
         ~~~~~~~~~~~~~~~~~~~~~      ^
/Users/sarthakpradhan/Library/Caches/node-gyp/20.16.0/include/node/v8-primitive-object.h:81:23: note: 'New' declared here
  static Local<Value> New(Isolate* isolate, Local<String> value);
                      ^
fatal error: too many errors emitted, stopping now [-ferror-limit=]
20 errors generated.
make: *** [Release/obj.target/bson/ext/bson.o] Error 1
gyp ERR! build error 
gyp ERR! stack Error: `make` failed with exit code: 2
gyp ERR! stack at ChildProcess.<anonymous> (/usr/local/lib/node_modules/npm/node_modules/node-gyp/lib/build.js:209:23)
gyp ERR! System Darwin 23.6.0
gyp ERR! command "/usr/local/bin/node" "/usr/local/lib/node_modules/npm/node_modules/node-gyp/bin/node-gyp.js" "rebuild"
gyp ERR! cwd /Users/sarthakpradhan/Projects/MERN-project/famazon/node_modules/bson
gyp ERR! node -v v20.16.0
gyp ERR! node-gyp -v v10.1.0
gyp ERR! not ok 
